{
  "RSpec": {
    "coverage": {
      "E:/Course/New Assignment/TaskManagement_app/app/helpers/application_helper.rb": {
        "lines": [
          1,
          null
        ]
      },
      "E:/Course/New Assignment/TaskManagement_app/app/helpers/tasks_helper.rb": {
        "lines": [
          1,
          null
        ]
      },
      "E:/Course/New Assignment/TaskManagement_app/app/controllers/tasks_controller.rb": {
        "lines": [
          1,
          1,
          null,
          null,
          1,
          6,
          6,
          4,
          4,
          null,
          null,
          null,
          null,
          1,
          null,
          null,
          null,
          null,
          1,
          3,
          null,
          null,
          null,
          1,
          null,
          null,
          null,
          null,
          1,
          7,
          null,
          7,
          7,
          6,
          3,
          null,
          8,
          4,
          null,
          null,
          null,
          null,
          null,
          1,
          3,
          3,
          2,
          1,
          null,
          3,
          3,
          null,
          null,
          null,
          null,
          null,
          1,
          3,
          null,
          3,
          5,
          4,
          null,
          null,
          null,
          1,
          null,
          1,
          12,
          null,
          null,
          null,
          1,
          10,
          null,
          null
        ]
      },
      "E:/Course/New Assignment/TaskManagement_app/app/controllers/application_controller.rb": {
        "lines": [
          1,
          null
        ]
      },
      "E:/Course/New Assignment/TaskManagement_app/app/models/task.rb": {
        "lines": [
          1,
          1,
          null,
          1,
          1,
          1,
          1,
          null,
          1,
          null,
          null,
          1,
          90,
          null,
          null
        ]
      },
      "E:/Course/New Assignment/TaskManagement_app/app/models/application_record.rb": {
        "lines": [
          1,
          1,
          null
        ]
      },
      "E:/Course/New Assignment/TaskManagement_app/app/controllers/home_controller.rb": {
        "lines": [
          1,
          1,
          null,
          null,
          null
        ]
      }
    },
    "timestamp": 1722492991
  }
}
